<?xml version="1.0" encoding="UTF-8"?>
<testng-results skipped="0" failed="0" total="1" passed="1">
  <reporter-output>
  </reporter-output>
  <suite name="Command line suite" duration-ms="35" started-at="2013-09-12T04:59:08Z" finished-at="2013-09-12T04:59:08Z">
    <groups>
    </groups>
    <test name="Command line test" duration-ms="35" started-at="2013-09-12T04:59:08Z" finished-at="2013-09-12T04:59:08Z">
      <class name="malaka.cse.maven.exception.InvalidNICPropExceptionTest">
        <test-method status="PASS" signature="testSomeMethod()[pri:0, instance:testSomeMethod(malaka.cse.maven.exception.InvalidNICPropExceptionTest)]" name="testSomeMethod" duration-ms="6" started-at="2013-09-12T10:29:08Z" finished-at="2013-09-12T10:29:08Z">
          <reporter-output>
          </reporter-output>
        </test-method> <!-- testSomeMethod -->
      </class> <!-- malaka.cse.maven.exception.InvalidNICPropExceptionTest -->
    </test> <!-- Command line test -->
  </suite> <!-- Command line suite -->
</testng-results>
